<?xml version="1.0" encoding="UTF-8"?>
<testsuite xmlns:xsi="http://www.w3.org/2001/XMLSchema-instance" xsi:noNamespaceSchemaLocation="https://maven.apache.org/surefire/maven-surefire-plugin/xsd/surefire-test-report.xsd" name="junit.nama.junit.DisabledClassTest" time="0.001" tests="1" errors="0" skipped="1" failures="0">
  <properties>
[...]
</properties>
  <testcase name="junit.nama.junit.DisabledClassTest" classname="junit.nama.junit.DisabledClassTest" time="0">
    <skipped message="Disabled until bug #2019 has been fixed!"/>
  </testcase>
</testsuite>